[debug] [2018-03-29T23:33:37.992Z] ----------------------------------------------------------------------
[debug] [2018-03-29T23:33:37.994Z] Command:       C:\Program Files\nodejs\node.exe C:\Users\echris\AppData\Roaming\npm\node_modules\firebase-tools\bin\firebase deploy
[debug] [2018-03-29T23:33:37.994Z] CLI Version:   3.17.7
[debug] [2018-03-29T23:33:37.994Z] Platform:      win32
[debug] [2018-03-29T23:33:37.994Z] Node Version:  v8.9.1
[debug] [2018-03-29T23:33:37.995Z] Time:          Thu Mar 29 2018 23:33:37 GMT+0000 (Greenwich Standard Time)
[debug] [2018-03-29T23:33:37.995Z] ----------------------------------------------------------------------
[debug] 
[debug] [2018-03-29T23:33:38.062Z] > command requires scopes: ["email","openid","https://www.googleapis.com/auth/cloudplatformprojects.readonly","https://www.googleapis.com/auth/firebase","https://www.googleapis.com/auth/cloud-platform"]
[debug] [2018-03-29T23:33:38.062Z] > authorizing via signed-in user
[debug] [2018-03-29T23:33:38.065Z] > refreshing access token with scopes: ["email","https://www.googleapis.com/auth/cloud-platform","https://www.googleapis.com/auth/cloudplatformprojects.readonly","https://www.googleapis.com/auth/firebase","openid"]
[debug] [2018-03-29T23:33:38.065Z] >>> HTTP REQUEST POST https://www.googleapis.com/oauth2/v3/token  
 { refresh_token: '1/dLy3mK72n3C5uV1eSoMgO-GB9BVTC464CI-M12pcGVQ',
  client_id: '563584335869-fgrhgmd47bqnekij5i8b5pr03ho849e6.apps.googleusercontent.com',
  client_secret: 'j9iVZfS8kkCEFUPaAeJV0sAi',
  grant_type: 'refresh_token',
  scope: 'email https://www.googleapis.com/auth/cloud-platform https://www.googleapis.com/auth/cloudplatformprojects.readonly https://www.googleapis.com/auth/firebase openid' } 
 Thu Mar 29 2018 23:33:38 GMT+0000 (Greenwich Standard Time)
[debug] [2018-03-29T23:33:44.330Z] <<< HTTP RESPONSE 200
[debug] [2018-03-29T23:33:44.367Z] >>> HTTP REQUEST GET https://admin.firebase.com/v1/projects/iteamliberia  
  
 Thu Mar 29 2018 23:33:44 GMT+0000 (Greenwich Standard Time)
